2022-09-18 12:48:34,752 INFO (StartupInfoLogger.java:55)- Starting GovhubApplication using Java 11.0.14.1 on 北辰的笔记本 with PID 11312 (D:\govhub\service\target\classes started by BeiCe in D:\govhub)
2022-09-18 12:48:34,755 INFO (SpringApplication.java:634)- No active profile set, falling back to 1 default profile: "default"
2022-09-18 12:48:36,059 INFO (TomcatWebServer.java:108)- Tomcat initialized with port(s): 80 (http)
2022-09-18 12:48:36,069 INFO (DirectJDKLog.java:173)- Initializing ProtocolHandler ["http-nio-80"]
2022-09-18 12:48:36,069 INFO (DirectJDKLog.java:173)- Starting service [Tomcat]
2022-09-18 12:48:36,069 INFO (DirectJDKLog.java:173)- Starting Servlet engine: [Apache Tomcat/9.0.65]
2022-09-18 12:48:36,176 INFO (DirectJDKLog.java:173)- Initializing Spring embedded WebApplicationContext
2022-09-18 12:48:36,177 INFO (ServletWebServerApplicationContext.java:292)- Root WebApplicationContext: initialization completed in 1379 ms
2022-09-18 12:48:36,316 INFO (DruidDataSourceAutoConfigure.java:56)- Init DruidDataSource
2022-09-18 12:48:36,444 INFO (DruidDataSource.java:983)- {dataSource-1} inited
2022-09-18 12:48:38,373 INFO (WelcomePageHandlerMapping.java:53)- Adding welcome page: class path resource [static/index.html]
2022-09-18 12:48:38,541 INFO (DirectJDKLog.java:173)- Starting ProtocolHandler ["http-nio-80"]
2022-09-18 12:48:38,564 INFO (TomcatWebServer.java:220)- Tomcat started on port(s): 80 (http) with context path ''
2022-09-18 12:48:38,577 INFO (StartupInfoLogger.java:61)- Started GovhubApplication in 4.38 seconds (JVM running for 6.076)
2022-09-18 12:49:16,307 INFO (DirectJDKLog.java:173)- Initializing Spring DispatcherServlet 'dispatcherServlet'
2022-09-18 12:49:16,307 INFO (FrameworkServlet.java:525)- Initializing Servlet 'dispatcherServlet'
2022-09-18 12:49:16,308 INFO (FrameworkServlet.java:547)- Completed initialization in 1 ms
2022-09-18 12:50:01,588 INFO (DruidDataSource.java:2024)- {dataSource-1} closing ...
2022-09-18 12:50:01,594 INFO (DruidDataSource.java:2096)- {dataSource-1} closed
2022-09-18 22:35:17,390 INFO (StartupInfoLogger.java:55)- Starting GovhubApplication using Java 11.0.14.1 on 北辰的笔记本 with PID 6704 (D:\govhub\service\target\classes started by BeiCe in D:\govhub)
2022-09-18 22:35:17,398 INFO (SpringApplication.java:634)- No active profile set, falling back to 1 default profile: "default"
2022-09-18 22:35:19,050 INFO (TomcatWebServer.java:108)- Tomcat initialized with port(s): 80 (http)
2022-09-18 22:35:19,062 INFO (DirectJDKLog.java:173)- Initializing ProtocolHandler ["http-nio-80"]
2022-09-18 22:35:19,062 INFO (DirectJDKLog.java:173)- Starting service [Tomcat]
2022-09-18 22:35:19,063 INFO (DirectJDKLog.java:173)- Starting Servlet engine: [Apache Tomcat/9.0.65]
2022-09-18 22:35:19,228 INFO (DirectJDKLog.java:173)- Initializing Spring embedded WebApplicationContext
2022-09-18 22:35:19,228 INFO (ServletWebServerApplicationContext.java:292)- Root WebApplicationContext: initialization completed in 1728 ms
2022-09-18 22:35:19,382 INFO (DruidDataSourceAutoConfigure.java:56)- Init DruidDataSource
2022-09-18 22:35:19,532 INFO (DruidDataSource.java:983)- {dataSource-1} inited
2022-09-18 22:35:21,437 INFO (WelcomePageHandlerMapping.java:53)- Adding welcome page: class path resource [static/index.html]
2022-09-18 22:35:21,611 INFO (DirectJDKLog.java:173)- Starting ProtocolHandler ["http-nio-80"]
2022-09-18 22:35:21,630 INFO (TomcatWebServer.java:220)- Tomcat started on port(s): 80 (http) with context path ''
2022-09-18 22:35:21,642 INFO (StartupInfoLogger.java:61)- Started GovhubApplication in 5.146 seconds (JVM running for 7.347)
2022-09-18 22:35:29,287 INFO (DirectJDKLog.java:173)- Initializing Spring DispatcherServlet 'dispatcherServlet'
2022-09-18 22:35:29,288 INFO (FrameworkServlet.java:525)- Initializing Servlet 'dispatcherServlet'
2022-09-18 22:35:29,289 INFO (FrameworkServlet.java:547)- Completed initialization in 1 ms
2022-09-18 22:44:14,045 INFO (DruidDataSource.java:2024)- {dataSource-1} closing ...
2022-09-18 22:44:14,051 INFO (DruidDataSource.java:2096)- {dataSource-1} closed
2022-09-18 22:44:20,677 INFO (StartupInfoLogger.java:55)- Starting GovhubApplication using Java 11.0.14.1 on 北辰的笔记本 with PID 4768 (D:\govhub\service\target\classes started by BeiCe in D:\govhub)
2022-09-18 22:44:20,681 INFO (SpringApplication.java:634)- No active profile set, falling back to 1 default profile: "default"
2022-09-18 22:44:21,941 INFO (TomcatWebServer.java:108)- Tomcat initialized with port(s): 80 (http)
2022-09-18 22:44:21,950 INFO (DirectJDKLog.java:173)- Initializing ProtocolHandler ["http-nio-80"]
2022-09-18 22:44:21,950 INFO (DirectJDKLog.java:173)- Starting service [Tomcat]
2022-09-18 22:44:21,950 INFO (DirectJDKLog.java:173)- Starting Servlet engine: [Apache Tomcat/9.0.65]
2022-09-18 22:44:22,054 INFO (DirectJDKLog.java:173)- Initializing Spring embedded WebApplicationContext
2022-09-18 22:44:22,054 INFO (ServletWebServerApplicationContext.java:292)- Root WebApplicationContext: initialization completed in 1332 ms
2022-09-18 22:44:22,181 INFO (DruidDataSourceAutoConfigure.java:56)- Init DruidDataSource
2022-09-18 22:44:22,278 INFO (DruidDataSource.java:983)- {dataSource-1} inited
2022-09-18 22:44:23,979 INFO (WelcomePageHandlerMapping.java:53)- Adding welcome page: class path resource [static/index.html]
2022-09-18 22:44:24,133 INFO (DirectJDKLog.java:173)- Starting ProtocolHandler ["http-nio-80"]
2022-09-18 22:44:24,151 INFO (TomcatWebServer.java:220)- Tomcat started on port(s): 80 (http) with context path ''
2022-09-18 22:44:24,161 INFO (StartupInfoLogger.java:61)- Started GovhubApplication in 4.092 seconds (JVM running for 5.633)
2022-09-18 22:49:11,612 INFO (DirectJDKLog.java:173)- Initializing Spring DispatcherServlet 'dispatcherServlet'
2022-09-18 22:49:11,612 INFO (FrameworkServlet.java:525)- Initializing Servlet 'dispatcherServlet'
2022-09-18 22:49:11,613 INFO (FrameworkServlet.java:547)- Completed initialization in 1 ms
2022-09-18 22:52:03,068 INFO (DruidDataSource.java:2024)- {dataSource-1} closing ...
2022-09-18 22:52:03,073 INFO (DruidDataSource.java:2096)- {dataSource-1} closed
2022-09-18 22:52:09,151 INFO (StartupInfoLogger.java:55)- Starting GovhubApplication using Java 11.0.14.1 on 北辰的笔记本 with PID 17232 (D:\govhub\service\target\classes started by BeiCe in D:\govhub)
2022-09-18 22:52:09,154 INFO (SpringApplication.java:634)- No active profile set, falling back to 1 default profile: "default"
2022-09-18 22:52:10,414 INFO (TomcatWebServer.java:108)- Tomcat initialized with port(s): 80 (http)
2022-09-18 22:52:10,426 INFO (DirectJDKLog.java:173)- Initializing ProtocolHandler ["http-nio-80"]
2022-09-18 22:52:10,426 INFO (DirectJDKLog.java:173)- Starting service [Tomcat]
2022-09-18 22:52:10,427 INFO (DirectJDKLog.java:173)- Starting Servlet engine: [Apache Tomcat/9.0.65]
2022-09-18 22:52:10,557 INFO (DirectJDKLog.java:173)- Initializing Spring embedded WebApplicationContext
2022-09-18 22:52:10,558 INFO (ServletWebServerApplicationContext.java:292)- Root WebApplicationContext: initialization completed in 1361 ms
2022-09-18 22:52:10,703 INFO (DruidDataSourceAutoConfigure.java:56)- Init DruidDataSource
2022-09-18 22:52:10,800 INFO (DruidDataSource.java:983)- {dataSource-1} inited
2022-09-18 22:52:12,503 INFO (WelcomePageHandlerMapping.java:53)- Adding welcome page: class path resource [static/index.html]
2022-09-18 22:52:12,660 INFO (DirectJDKLog.java:173)- Starting ProtocolHandler ["http-nio-80"]
2022-09-18 22:52:12,678 INFO (TomcatWebServer.java:220)- Tomcat started on port(s): 80 (http) with context path ''
2022-09-18 22:52:12,689 INFO (StartupInfoLogger.java:61)- Started GovhubApplication in 4.186 seconds (JVM running for 5.84)
2022-09-18 22:52:35,337 INFO (DirectJDKLog.java:173)- Initializing Spring DispatcherServlet 'dispatcherServlet'
2022-09-18 22:52:35,339 INFO (FrameworkServlet.java:525)- Initializing Servlet 'dispatcherServlet'
2022-09-18 22:52:35,340 INFO (FrameworkServlet.java:547)- Completed initialization in 1 ms
2022-09-18 22:53:08,956 INFO (DruidDataSource.java:2024)- {dataSource-1} closing ...
2022-09-18 22:53:08,962 INFO (DruidDataSource.java:2096)- {dataSource-1} closed
2022-09-18 22:53:14,594 INFO (StartupInfoLogger.java:55)- Starting GovhubApplication using Java 11.0.14.1 on 北辰的笔记本 with PID 16972 (D:\govhub\service\target\classes started by BeiCe in D:\govhub)
2022-09-18 22:53:14,597 INFO (SpringApplication.java:634)- No active profile set, falling back to 1 default profile: "default"
2022-09-18 22:53:15,839 INFO (TomcatWebServer.java:108)- Tomcat initialized with port(s): 80 (http)
2022-09-18 22:53:15,847 INFO (DirectJDKLog.java:173)- Initializing ProtocolHandler ["http-nio-80"]
2022-09-18 22:53:15,848 INFO (DirectJDKLog.java:173)- Starting service [Tomcat]
2022-09-18 22:53:15,848 INFO (DirectJDKLog.java:173)- Starting Servlet engine: [Apache Tomcat/9.0.65]
2022-09-18 22:53:15,954 INFO (DirectJDKLog.java:173)- Initializing Spring embedded WebApplicationContext
2022-09-18 22:53:15,954 INFO (ServletWebServerApplicationContext.java:292)- Root WebApplicationContext: initialization completed in 1313 ms
2022-09-18 22:53:16,085 INFO (DruidDataSourceAutoConfigure.java:56)- Init DruidDataSource
2022-09-18 22:53:16,180 INFO (DruidDataSource.java:983)- {dataSource-1} inited
2022-09-18 22:53:17,880 INFO (WelcomePageHandlerMapping.java:53)- Adding welcome page: class path resource [static/index.html]
2022-09-18 22:53:18,029 INFO (DirectJDKLog.java:173)- Starting ProtocolHandler ["http-nio-80"]
2022-09-18 22:53:18,046 INFO (TomcatWebServer.java:220)- Tomcat started on port(s): 80 (http) with context path ''
2022-09-18 22:53:18,056 INFO (StartupInfoLogger.java:61)- Started GovhubApplication in 4.06 seconds (JVM running for 5.611)
2022-09-18 22:53:26,306 INFO (DirectJDKLog.java:173)- Initializing Spring DispatcherServlet 'dispatcherServlet'
2022-09-18 22:53:26,307 INFO (FrameworkServlet.java:525)- Initializing Servlet 'dispatcherServlet'
2022-09-18 22:53:26,309 INFO (FrameworkServlet.java:547)- Completed initialization in 0 ms
2022-09-18 22:54:03,318 INFO (DruidDataSource.java:2024)- {dataSource-1} closing ...
2022-09-18 22:54:03,325 INFO (DruidDataSource.java:2096)- {dataSource-1} closed
